<?xml version="1.0" encoding="UTF-8"?>
<coverage generated="1725114593313" clover="3.2.0">
  <project timestamp="1725114593313" name="All files">
    <metrics statements="75" coveredstatements="71" conditionals="52" coveredconditionals="41" methods="13" coveredmethods="13" elements="140" coveredelements="125" complexity="0" loc="75" ncloc="75" packages="1" files="5" classes="5"/>
    <file name="DayInput.tsx" path="/home/jenkler/Desktop/FrontendMentor JS and TS/age-calc-ts-jest-scss/age-calc-ts-scss-jest/src/components/DayInput.tsx">
      <metrics statements="24" coveredstatements="22" conditionals="26" coveredconditionals="16" methods="5" coveredmethods="5"/>
      <line num="1" count="2" type="stmt"/>
      <line num="12" count="10" type="stmt"/>
      <line num="13" count="95" type="cond" truecount="3" falsecount="0"/>
      <line num="16" count="10" type="stmt"/>
      <line num="17" count="101" type="cond" truecount="4" falsecount="9"/>
      <line num="25" count="2" type="stmt"/>
      <line num="30" count="0" type="stmt"/>
      <line num="32" count="95" type="cond" truecount="2" falsecount="0"/>
      <line num="34" count="4" type="stmt"/>
      <line num="38" count="10" type="stmt"/>
      <line num="39" count="9" type="stmt"/>
      <line num="40" count="9" type="stmt"/>
      <line num="41" count="9" type="cond" truecount="0" falsecount="1"/>
      <line num="42" count="0" type="stmt"/>
      <line num="46" count="10" type="stmt"/>
      <line num="47" count="92" type="stmt"/>
      <line num="48" count="92" type="stmt"/>
      <line num="49" count="92" type="stmt"/>
      <line num="51" count="92" type="cond" truecount="6" falsecount="0"/>
      <line num="52" count="2" type="stmt"/>
      <line num="53" count="90" type="cond" truecount="1" falsecount="0"/>
      <line num="54" count="2" type="stmt"/>
      <line num="58" count="10" type="stmt"/>
      <line num="71" count="2" type="stmt"/>
    </file>
    <file name="Form.tsx" path="/home/jenkler/Desktop/FrontendMentor JS and TS/age-calc-ts-jest-scss/age-calc-ts-scss-jest/src/components/Form.tsx">
      <metrics statements="21" coveredstatements="21" conditionals="8" coveredconditionals="8" methods="2" coveredmethods="2"/>
      <line num="1" count="1" type="stmt"/>
      <line num="2" count="1" type="stmt"/>
      <line num="3" count="1" type="stmt"/>
      <line num="4" count="1" type="stmt"/>
      <line num="5" count="1" type="stmt"/>
      <line num="6" count="1" type="stmt"/>
      <line num="9" count="6" type="stmt"/>
      <line num="10" count="6" type="stmt"/>
      <line num="11" count="6" type="stmt"/>
      <line num="13" count="6" type="stmt"/>
      <line num="14" count="6" type="stmt"/>
      <line num="16" count="6" type="stmt"/>
      <line num="17" count="2" type="stmt"/>
      <line num="18" count="2" type="cond" truecount="8" falsecount="0"/>
      <line num="19" count="1" type="stmt"/>
      <line num="20" count="1" type="stmt"/>
      <line num="22" count="1" type="stmt"/>
      <line num="23" count="1" type="stmt"/>
      <line num="25" count="1" type="stmt"/>
      <line num="29" count="6" type="stmt"/>
      <line num="44" count="1" type="stmt"/>
    </file>
    <file name="Info.tsx" path="/home/jenkler/Desktop/FrontendMentor JS and TS/age-calc-ts-jest-scss/age-calc-ts-scss-jest/src/components/Info.tsx">
      <metrics statements="15" coveredstatements="13" conditionals="8" coveredconditionals="7" methods="2" coveredmethods="2"/>
      <line num="1" count="1" type="stmt"/>
      <line num="16" count="9" type="stmt"/>
      <line num="18" count="9" type="stmt"/>
      <line num="19" count="3" type="stmt"/>
      <line num="20" count="3" type="stmt"/>
      <line num="21" count="3" type="stmt"/>
      <line num="23" count="3" type="cond" truecount="0" falsecount="1"/>
      <line num="24" count="0" type="stmt"/>
      <line num="25" count="0" type="stmt"/>
      <line num="28" count="3" type="cond" truecount="1" falsecount="0"/>
      <line num="29" count="1" type="stmt"/>
      <line num="30" count="1" type="stmt"/>
      <line num="33" count="3" type="stmt"/>
      <line num="36" count="9" type="stmt"/>
      <line num="45" count="1" type="stmt"/>
    </file>
    <file name="MonthInput.tsx" path="/home/jenkler/Desktop/FrontendMentor JS and TS/age-calc-ts-jest-scss/age-calc-ts-scss-jest/src/components/MonthInput.tsx">
      <metrics statements="7" coveredstatements="7" conditionals="5" coveredconditionals="5" methods="2" coveredmethods="2"/>
      <line num="7" count="8" type="stmt"/>
      <line num="8" count="90" type="stmt"/>
      <line num="9" count="90" type="stmt"/>
      <line num="10" count="90" type="cond" truecount="5" falsecount="0"/>
      <line num="11" count="2" type="stmt"/>
      <line num="15" count="8" type="stmt"/>
      <line num="28" count="2" type="stmt"/>
    </file>
    <file name="YearInput.tsx" path="/home/jenkler/Desktop/FrontendMentor JS and TS/age-calc-ts-jest-scss/age-calc-ts-scss-jest/src/components/YearInput.tsx">
      <metrics statements="8" coveredstatements="8" conditionals="5" coveredconditionals="5" methods="2" coveredmethods="2"/>
      <line num="7" count="8" type="stmt"/>
      <line num="8" count="90" type="stmt"/>
      <line num="9" count="90" type="stmt"/>
      <line num="10" count="90" type="stmt"/>
      <line num="11" count="90" type="cond" truecount="5" falsecount="0"/>
      <line num="12" count="2" type="stmt"/>
      <line num="16" count="8" type="stmt"/>
      <line num="29" count="2" type="stmt"/>
    </file>
  </project>
</coverage>
