<?xml version="1.0" encoding="UTF-8"?>
<coverage generated="1724968887826" clover="3.2.0">
  <project timestamp="1724968887826" name="All files">
    <metrics statements="31" coveredstatements="27" conditionals="31" coveredconditionals="18" methods="7" coveredmethods="7" elements="69" coveredelements="52" complexity="0" loc="31" ncloc="31" packages="1" files="2" classes="2"/>
    <file name="DayInput.tsx" path="/home/jenkler/Desktop/FrontendMentor JS and TS/age-calc-ts-jest-scss/age-calc-ts-scss-jest/src/components/DayInput.tsx">
      <metrics statements="24" coveredstatements="20" conditionals="26" coveredconditionals="13" methods="5" coveredmethods="5"/>
      <line num="1" count="1" type="stmt"/>
      <line num="12" count="4" type="stmt"/>
      <line num="13" count="95" type="cond" truecount="3" falsecount="0"/>
      <line num="16" count="4" type="stmt"/>
      <line num="17" count="95" type="cond" truecount="1" falsecount="12"/>
      <line num="25" count="0" type="stmt"/>
      <line num="30" count="0" type="stmt"/>
      <line num="32" count="95" type="cond" truecount="2" falsecount="0"/>
      <line num="34" count="0" type="stmt"/>
      <line num="38" count="4" type="stmt"/>
      <line num="39" count="4" type="stmt"/>
      <line num="40" count="4" type="stmt"/>
      <line num="41" count="4" type="cond" truecount="0" falsecount="1"/>
      <line num="42" count="0" type="stmt"/>
      <line num="46" count="4" type="stmt"/>
      <line num="47" count="91" type="stmt"/>
      <line num="48" count="91" type="stmt"/>
      <line num="49" count="91" type="stmt"/>
      <line num="51" count="91" type="cond" truecount="6" falsecount="0"/>
      <line num="52" count="1" type="stmt"/>
      <line num="53" count="90" type="cond" truecount="1" falsecount="0"/>
      <line num="54" count="2" type="stmt"/>
      <line num="58" count="4" type="stmt"/>
      <line num="71" count="1" type="stmt"/>
    </file>
    <file name="MonthInput.tsx" path="/home/jenkler/Desktop/FrontendMentor JS and TS/age-calc-ts-jest-scss/age-calc-ts-scss-jest/src/components/MonthInput.tsx">
      <metrics statements="7" coveredstatements="7" conditionals="5" coveredconditionals="5" methods="2" coveredmethods="2"/>
      <line num="7" count="2" type="stmt"/>
      <line num="8" count="89" type="stmt"/>
      <line num="9" count="89" type="stmt"/>
      <line num="10" count="89" type="cond" truecount="5" falsecount="0"/>
      <line num="11" count="1" type="stmt"/>
      <line num="15" count="2" type="stmt"/>
      <line num="28" count="1" type="stmt"/>
    </file>
  </project>
</coverage>
