{"/home/jenkler/Desktop/FrontendMentor JS and TS/age-calc-ts-jest-scss/age-calc-ts-scss-jest/src/components/DayInput.tsx": {"path":"/home/jenkler/Desktop/FrontendMentor JS and TS/age-calc-ts-jest-scss/age-calc-ts-scss-jest/src/components/DayInput.tsx","statementMap":{"0":{"start":{"line":1,"column":0},"end":{"line":1,"column":41}},"1":{"start":{"line":12,"column":19},"end":{"line":14,"column":5}},"2":{"start":{"line":13,"column":8},"end":{"line":13,"column":72}},"3":{"start":{"line":16,"column":31},"end":{"line":36,"column":5}},"4":{"start":{"line":17,"column":8},"end":{"line":35,"column":9}},"5":{"start":{"line":25,"column":16},"end":{"line":25,"column":26}},"6":{"start":{"line":30,"column":16},"end":{"line":30,"column":26}},"7":{"start":{"line":32,"column":16},"end":{"line":32,"column":54}},"8":{"start":{"line":34,"column":16},"end":{"line":34,"column":26}},"9":{"start":{"line":38,"column":4},"end":{"line":44,"column":35}},"10":{"start":{"line":39,"column":24},"end":{"line":39,"column":55}},"11":{"start":{"line":40,"column":28},"end":{"line":40,"column":39}},"12":{"start":{"line":41,"column":8},"end":{"line":43,"column":9}},"13":{"start":{"line":42,"column":12},"end":{"line":42,"column":36}},"14":{"start":{"line":46,"column":22},"end":{"line":56,"column":5}},"15":{"start":{"line":47,"column":22},"end":{"line":47,"column":36}},"16":{"start":{"line":48,"column":28},"end":{"line":48,"column":41}},"17":{"start":{"line":49,"column":24},"end":{"line":49,"column":55}},"18":{"start":{"line":51,"column":8},"end":{"line":55,"column":9}},"19":{"start":{"line":52,"column":12},"end":{"line":52,"column":26}},"20":{"start":{"line":53,"column":15},"end":{"line":55,"column":9}},"21":{"start":{"line":54,"column":12},"end":{"line":54,"column":36}},"22":{"start":{"line":58,"column":4},"end":{"line":68,"column":6}},"23":{"start":{"line":71,"column":0},"end":{"line":71,"column":24}}},"fnMap":{"0":{"name":"DayInput","decl":{"start":{"line":10,"column":9},"end":{"line":10,"column":17}},"loc":{"start":{"line":10,"column":61},"end":{"line":69,"column":1}}},"1":{"name":"(anonymous_1)","decl":{"start":{"line":12,"column":19},"end":{"line":12,"column":20}},"loc":{"start":{"line":12,"column":45},"end":{"line":14,"column":5}}},"2":{"name":"(anonymous_2)","decl":{"start":{"line":16,"column":31},"end":{"line":16,"column":32}},"loc":{"start":{"line":16,"column":71},"end":{"line":36,"column":5}}},"3":{"name":"(anonymous_3)","decl":{"start":{"line":38,"column":14},"end":{"line":38,"column":17}},"loc":{"start":{"line":38,"column":19},"end":{"line":44,"column":5}}},"4":{"name":"(anonymous_4)","decl":{"start":{"line":46,"column":22},"end":{"line":46,"column":23}},"loc":{"start":{"line":46,"column":65},"end":{"line":56,"column":5}}}},"branchMap":{"0":{"loc":{"start":{"line":13,"column":15},"end":{"line":13,"column":71}},"type":"binary-expr","locations":[{"start":{"line":13,"column":15},"end":{"line":13,"column":29}},{"start":{"line":13,"column":34},"end":{"line":13,"column":50}},{"start":{"line":13,"column":54},"end":{"line":13,"column":70}}]},"1":{"loc":{"start":{"line":17,"column":8},"end":{"line":35,"column":9}},"type":"switch","locations":[{"start":{"line":18,"column":12},"end":{"line":18,"column":21}},{"start":{"line":19,"column":12},"end":{"line":19,"column":21}},{"start":{"line":20,"column":12},"end":{"line":20,"column":21}},{"start":{"line":21,"column":12},"end":{"line":21,"column":21}},{"start":{"line":22,"column":12},"end":{"line":22,"column":21}},{"start":{"line":23,"column":12},"end":{"line":23,"column":22}},{"start":{"line":24,"column":12},"end":{"line":25,"column":26}},{"start":{"line":26,"column":12},"end":{"line":26,"column":21}},{"start":{"line":27,"column":12},"end":{"line":27,"column":21}},{"start":{"line":28,"column":12},"end":{"line":28,"column":21}},{"start":{"line":29,"column":12},"end":{"line":30,"column":26}},{"start":{"line":31,"column":12},"end":{"line":32,"column":54}},{"start":{"line":33,"column":12},"end":{"line":34,"column":26}}]},"2":{"loc":{"start":{"line":32,"column":23},"end":{"line":32,"column":53}},"type":"cond-expr","locations":[{"start":{"line":32,"column":46},"end":{"line":32,"column":48}},{"start":{"line":32,"column":51},"end":{"line":32,"column":53}}]},"3":{"loc":{"start":{"line":41,"column":8},"end":{"line":43,"column":9}},"type":"if","locations":[{"start":{"line":41,"column":8},"end":{"line":43,"column":9}}]},"4":{"loc":{"start":{"line":51,"column":8},"end":{"line":55,"column":9}},"type":"if","locations":[{"start":{"line":51,"column":8},"end":{"line":55,"column":9}},{"start":{"line":53,"column":15},"end":{"line":55,"column":9}}]},"5":{"loc":{"start":{"line":51,"column":12},"end":{"line":51,"column":100}},"type":"binary-expr","locations":[{"start":{"line":51,"column":12},"end":{"line":51,"column":31}},{"start":{"line":51,"column":35},"end":{"line":51,"column":51}},{"start":{"line":51,"column":55},"end":{"line":51,"column":77}},{"start":{"line":51,"column":81},"end":{"line":51,"column":100}}]},"6":{"loc":{"start":{"line":53,"column":15},"end":{"line":55,"column":9}},"type":"if","locations":[{"start":{"line":53,"column":15},"end":{"line":55,"column":9}}]}},"s":{"0":2,"1":10,"2":95,"3":10,"4":101,"5":2,"6":0,"7":95,"8":4,"9":10,"10":9,"11":9,"12":9,"13":0,"14":10,"15":92,"16":92,"17":92,"18":92,"19":2,"20":90,"21":2,"22":10,"23":2},"f":{"0":10,"1":95,"2":101,"3":9,"4":92},"b":{"0":[95,2,2],"1":[0,0,0,0,0,2,2,0,0,0,0,95,4],"2":[2,93],"3":[0],"4":[2,90],"5":[92,10,10,8],"6":[2]}}
,"/home/jenkler/Desktop/FrontendMentor JS and TS/age-calc-ts-jest-scss/age-calc-ts-scss-jest/src/components/Form.tsx": {"path":"/home/jenkler/Desktop/FrontendMentor JS and TS/age-calc-ts-jest-scss/age-calc-ts-scss-jest/src/components/Form.tsx","statementMap":{"0":{"start":{"line":1,"column":0},"end":{"line":1,"column":33}},"1":{"start":{"line":2,"column":0},"end":{"line":2,"column":34}},"2":{"start":{"line":3,"column":0},"end":{"line":3,"column":38}},"3":{"start":{"line":4,"column":0},"end":{"line":4,"column":36}},"4":{"start":{"line":5,"column":0},"end":{"line":5,"column":47}},"5":{"start":{"line":6,"column":0},"end":{"line":6,"column":26}},"6":{"start":{"line":9,"column":24},"end":{"line":9,"column":44}},"7":{"start":{"line":10,"column":28},"end":{"line":10,"column":48}},"8":{"start":{"line":11,"column":26},"end":{"line":11,"column":46}},"9":{"start":{"line":13,"column":24},"end":{"line":13,"column":50}},"10":{"start":{"line":14,"column":42},"end":{"line":14,"column":68}},"11":{"start":{"line":16,"column":22},"end":{"line":27,"column":3}},"12":{"start":{"line":17,"column":4},"end":{"line":17,"column":23}},"13":{"start":{"line":18,"column":4},"end":{"line":26,"column":5}},"14":{"start":{"line":19,"column":26},"end":{"line":19,"column":36}},"15":{"start":{"line":20,"column":30},"end":{"line":20,"column":84}},"16":{"start":{"line":22,"column":6},"end":{"line":22,"column":26}},"17":{"start":{"line":23,"column":6},"end":{"line":23,"column":39}},"18":{"start":{"line":25,"column":6},"end":{"line":25,"column":null}},"19":{"start":{"line":29,"column":2},"end":{"line":41,"column":4}},"20":{"start":{"line":44,"column":0},"end":{"line":44,"column":20}}},"fnMap":{"0":{"name":"Form","decl":{"start":{"line":8,"column":9},"end":{"line":8,"column":13}},"loc":{"start":{"line":8,"column":13},"end":{"line":42,"column":1}}},"1":{"name":"(anonymous_2)","decl":{"start":{"line":16,"column":22},"end":{"line":16,"column":23}},"loc":{"start":{"line":16,"column":62},"end":{"line":27,"column":3}}}},"branchMap":{"0":{"loc":{"start":{"line":18,"column":4},"end":{"line":26,"column":5}},"type":"if","locations":[{"start":{"line":18,"column":4},"end":{"line":26,"column":5}},{"start":{"line":24,"column":11},"end":{"line":26,"column":5}}]},"1":{"loc":{"start":{"line":18,"column":8},"end":{"line":18,"column":97}},"type":"binary-expr","locations":[{"start":{"line":18,"column":8},"end":{"line":18,"column":18}},{"start":{"line":18,"column":22},"end":{"line":18,"column":33}},{"start":{"line":18,"column":37},"end":{"line":18,"column":49}},{"start":{"line":18,"column":53},"end":{"line":18,"column":66}},{"start":{"line":18,"column":70},"end":{"line":18,"column":81}},{"start":{"line":18,"column":85},"end":{"line":18,"column":97}}]}},"s":{"0":1,"1":1,"2":1,"3":1,"4":1,"5":1,"6":6,"7":6,"8":6,"9":6,"10":6,"11":6,"12":2,"13":2,"14":1,"15":1,"16":1,"17":1,"18":1,"19":6,"20":1},"f":{"0":6,"1":2},"b":{"0":[1,1],"1":[2,1,1,1,1,1]}}
,"/home/jenkler/Desktop/FrontendMentor JS and TS/age-calc-ts-jest-scss/age-calc-ts-scss-jest/src/components/Info.tsx": {"path":"/home/jenkler/Desktop/FrontendMentor JS and TS/age-calc-ts-jest-scss/age-calc-ts-scss-jest/src/components/Info.tsx","statementMap":{"0":{"start":{"line":1,"column":0},"end":{"line":1,"column":44}},"1":{"start":{"line":16,"column":26},"end":{"line":16,"column":81}},"2":{"start":{"line":18,"column":2},"end":{"line":34,"column":26}},"3":{"start":{"line":19,"column":16},"end":{"line":19,"column":62}},"4":{"start":{"line":20,"column":17},"end":{"line":20,"column":57}},"5":{"start":{"line":21,"column":15},"end":{"line":21,"column":53}},"6":{"start":{"line":23,"column":4},"end":{"line":26,"column":5}},"7":{"start":{"line":24,"column":6},"end":{"line":24,"column":18}},"8":{"start":{"line":25,"column":6},"end":{"line":25,"column":71}},"9":{"start":{"line":28,"column":4},"end":{"line":31,"column":5}},"10":{"start":{"line":29,"column":6},"end":{"line":29,"column":17}},"11":{"start":{"line":30,"column":6},"end":{"line":30,"column":19}},"12":{"start":{"line":33,"column":4},"end":{"line":33,"column":55}},"13":{"start":{"line":36,"column":2},"end":{"line":42,"column":4}},"14":{"start":{"line":45,"column":0},"end":{"line":45,"column":20}}},"fnMap":{"0":{"name":"Info","decl":{"start":{"line":14,"column":9},"end":{"line":14,"column":13}},"loc":{"start":{"line":14,"column":46},"end":{"line":43,"column":1}}},"1":{"name":"(anonymous_1)","decl":{"start":{"line":18,"column":12},"end":{"line":18,"column":15}},"loc":{"start":{"line":18,"column":17},"end":{"line":34,"column":3}}}},"branchMap":{"0":{"loc":{"start":{"line":23,"column":4},"end":{"line":26,"column":5}},"type":"if","locations":[{"start":{"line":23,"column":4},"end":{"line":26,"column":5}}]},"1":{"loc":{"start":{"line":28,"column":4},"end":{"line":31,"column":5}},"type":"if","locations":[{"start":{"line":28,"column":4},"end":{"line":31,"column":5}}]},"2":{"loc":{"start":{"line":38,"column":35},"end":{"line":38,"column":63}},"type":"cond-expr","locations":[{"start":{"line":38,"column":47},"end":{"line":38,"column":56}},{"start":{"line":38,"column":59},"end":{"line":38,"column":63}}]},"3":{"loc":{"start":{"line":39,"column":36},"end":{"line":39,"column":66}},"type":"cond-expr","locations":[{"start":{"line":39,"column":49},"end":{"line":39,"column":59}},{"start":{"line":39,"column":62},"end":{"line":39,"column":66}}]},"4":{"loc":{"start":{"line":40,"column":34},"end":{"line":40,"column":60}},"type":"cond-expr","locations":[{"start":{"line":40,"column":45},"end":{"line":40,"column":53}},{"start":{"line":40,"column":56},"end":{"line":40,"column":60}}]}},"s":{"0":1,"1":9,"2":9,"3":3,"4":3,"5":3,"6":3,"7":0,"8":0,"9":3,"10":1,"11":1,"12":3,"13":9,"14":1},"f":{"0":9,"1":3},"b":{"0":[0],"1":[1],"2":[1,8],"3":[1,8],"4":[1,8]}}
,"/home/jenkler/Desktop/FrontendMentor JS and TS/age-calc-ts-jest-scss/age-calc-ts-scss-jest/src/components/MonthInput.tsx": {"path":"/home/jenkler/Desktop/FrontendMentor JS and TS/age-calc-ts-jest-scss/age-calc-ts-scss-jest/src/components/MonthInput.tsx","statementMap":{"0":{"start":{"line":7,"column":24},"end":{"line":13,"column":5}},"1":{"start":{"line":8,"column":22},"end":{"line":8,"column":36}},"2":{"start":{"line":9,"column":28},"end":{"line":9,"column":41}},"3":{"start":{"line":10,"column":8},"end":{"line":12,"column":9}},"4":{"start":{"line":11,"column":12},"end":{"line":11,"column":28}},"5":{"start":{"line":15,"column":4},"end":{"line":25,"column":6}},"6":{"start":{"line":28,"column":0},"end":{"line":28,"column":26}}},"fnMap":{"0":{"name":"MonthInput","decl":{"start":{"line":6,"column":9},"end":{"line":6,"column":19}},"loc":{"start":{"line":6,"column":56},"end":{"line":26,"column":1}}},"1":{"name":"(anonymous_1)","decl":{"start":{"line":7,"column":24},"end":{"line":7,"column":25}},"loc":{"start":{"line":7,"column":67},"end":{"line":13,"column":5}}}},"branchMap":{"0":{"loc":{"start":{"line":10,"column":8},"end":{"line":12,"column":9}},"type":"if","locations":[{"start":{"line":10,"column":8},"end":{"line":12,"column":9}}]},"1":{"loc":{"start":{"line":10,"column":12},"end":{"line":10,"column":95}},"type":"binary-expr","locations":[{"start":{"line":10,"column":12},"end":{"line":10,"column":31}},{"start":{"line":10,"column":35},"end":{"line":10,"column":52}},{"start":{"line":10,"column":56},"end":{"line":10,"column":72}},{"start":{"line":10,"column":76},"end":{"line":10,"column":95}}]}},"s":{"0":8,"1":90,"2":90,"3":90,"4":2,"5":8,"6":2},"f":{"0":8,"1":90},"b":{"0":[2],"1":[90,8,8,8]}}
,"/home/jenkler/Desktop/FrontendMentor JS and TS/age-calc-ts-jest-scss/age-calc-ts-scss-jest/src/components/YearInput.tsx": {"path":"/home/jenkler/Desktop/FrontendMentor JS and TS/age-calc-ts-jest-scss/age-calc-ts-scss-jest/src/components/YearInput.tsx","statementMap":{"0":{"start":{"line":7,"column":23},"end":{"line":14,"column":5}},"1":{"start":{"line":8,"column":22},"end":{"line":8,"column":36}},"2":{"start":{"line":9,"column":28},"end":{"line":9,"column":41}},"3":{"start":{"line":10,"column":28},"end":{"line":10,"column":52}},"4":{"start":{"line":11,"column":8},"end":{"line":13,"column":9}},"5":{"start":{"line":12,"column":12},"end":{"line":12,"column":27}},"6":{"start":{"line":16,"column":4},"end":{"line":26,"column":6}},"7":{"start":{"line":29,"column":0},"end":{"line":29,"column":25}}},"fnMap":{"0":{"name":"YearInput","decl":{"start":{"line":6,"column":9},"end":{"line":6,"column":18}},"loc":{"start":{"line":6,"column":52},"end":{"line":27,"column":1}}},"1":{"name":"(anonymous_1)","decl":{"start":{"line":7,"column":23},"end":{"line":7,"column":24}},"loc":{"start":{"line":7,"column":66},"end":{"line":14,"column":5}}}},"branchMap":{"0":{"loc":{"start":{"line":11,"column":8},"end":{"line":13,"column":9}},"type":"if","locations":[{"start":{"line":11,"column":8},"end":{"line":13,"column":9}}]},"1":{"loc":{"start":{"line":11,"column":12},"end":{"line":11,"column":104}},"type":"binary-expr","locations":[{"start":{"line":11,"column":12},"end":{"line":11,"column":31}},{"start":{"line":11,"column":35},"end":{"line":11,"column":61}},{"start":{"line":11,"column":65},"end":{"line":11,"column":81}},{"start":{"line":11,"column":85},"end":{"line":11,"column":104}}]}},"s":{"0":8,"1":90,"2":90,"3":90,"4":90,"5":2,"6":8,"7":2},"f":{"0":8,"1":90},"b":{"0":[2],"1":[90,8,8,8]}}
}
