TN:
SF:src/components/DayInput.tsx
FN:10,DayInput
FN:12,(anonymous_1)
FN:16,(anonymous_2)
FN:38,(anonymous_3)
FN:46,(anonymous_4)
FNF:5
FNH:5
FNDA:10,DayInput
FNDA:95,(anonymous_1)
FNDA:101,(anonymous_2)
FNDA:9,(anonymous_3)
FNDA:92,(anonymous_4)
DA:1,2
DA:12,10
DA:13,95
DA:16,10
DA:17,101
DA:25,2
DA:30,0
DA:32,95
DA:34,4
DA:38,10
DA:39,9
DA:40,9
DA:41,9
DA:42,0
DA:46,10
DA:47,92
DA:48,92
DA:49,92
DA:51,92
DA:52,2
DA:53,90
DA:54,2
DA:58,10
DA:71,2
LF:24
LH:22
BRDA:13,0,0,95
BRDA:13,0,1,2
BRDA:13,0,2,2
BRDA:17,1,0,0
BRDA:17,1,1,0
BRDA:17,1,2,0
BRDA:17,1,3,0
BRDA:17,1,4,0
BRDA:17,1,5,2
BRDA:17,1,6,2
BRDA:17,1,7,0
BRDA:17,1,8,0
BRDA:17,1,9,0
BRDA:17,1,10,0
BRDA:17,1,11,95
BRDA:17,1,12,4
BRDA:32,2,0,2
BRDA:32,2,1,93
BRDA:41,3,0,0
BRDA:51,4,0,2
BRDA:51,4,1,90
BRDA:51,5,0,92
BRDA:51,5,1,10
BRDA:51,5,2,10
BRDA:51,5,3,8
BRDA:53,6,0,2
BRF:26
BRH:16
end_of_record
TN:
SF:src/components/Form.tsx
FN:8,Form
FN:16,(anonymous_2)
FNF:2
FNH:2
FNDA:6,Form
FNDA:2,(anonymous_2)
DA:1,1
DA:2,1
DA:3,1
DA:4,1
DA:5,1
DA:6,1
DA:9,6
DA:10,6
DA:11,6
DA:13,6
DA:14,6
DA:16,6
DA:17,2
DA:18,2
DA:19,1
DA:20,1
DA:22,1
DA:23,1
DA:25,1
DA:29,6
DA:44,1
LF:21
LH:21
BRDA:18,0,0,1
BRDA:18,0,1,1
BRDA:18,1,0,2
BRDA:18,1,1,1
BRDA:18,1,2,1
BRDA:18,1,3,1
BRDA:18,1,4,1
BRDA:18,1,5,1
BRF:8
BRH:8
end_of_record
TN:
SF:src/components/Info.tsx
FN:14,Info
FN:18,(anonymous_1)
FNF:2
FNH:2
FNDA:9,Info
FNDA:3,(anonymous_1)
DA:1,1
DA:16,9
DA:18,9
DA:19,3
DA:20,3
DA:21,3
DA:23,3
DA:24,0
DA:25,0
DA:28,3
DA:29,1
DA:30,1
DA:33,3
DA:36,9
DA:45,1
LF:15
LH:13
BRDA:23,0,0,0
BRDA:28,1,0,1
BRDA:38,2,0,1
BRDA:38,2,1,8
BRDA:39,3,0,1
BRDA:39,3,1,8
BRDA:40,4,0,1
BRDA:40,4,1,8
BRF:8
BRH:7
end_of_record
TN:
SF:src/components/MonthInput.tsx
FN:6,MonthInput
FN:7,(anonymous_1)
FNF:2
FNH:2
FNDA:8,MonthInput
FNDA:90,(anonymous_1)
DA:7,8
DA:8,90
DA:9,90
DA:10,90
DA:11,2
DA:15,8
DA:28,2
LF:7
LH:7
BRDA:10,0,0,2
BRDA:10,1,0,90
BRDA:10,1,1,8
BRDA:10,1,2,8
BRDA:10,1,3,8
BRF:5
BRH:5
end_of_record
TN:
SF:src/components/YearInput.tsx
FN:6,YearInput
FN:7,(anonymous_1)
FNF:2
FNH:2
FNDA:8,YearInput
FNDA:90,(anonymous_1)
DA:7,8
DA:8,90
DA:9,90
DA:10,90
DA:11,90
DA:12,2
DA:16,8
DA:29,2
LF:8
LH:8
BRDA:11,0,0,2
BRDA:11,1,0,90
BRDA:11,1,1,8
BRDA:11,1,2,8
BRDA:11,1,3,8
BRF:5
BRH:5
end_of_record
