TN:
SF:src/components/DayInput.tsx
FN:10,DayInput
FN:12,(anonymous_1)
FN:16,(anonymous_2)
FN:38,(anonymous_3)
FN:46,(anonymous_4)
FNF:5
FNH:5
FNDA:4,DayInput
FNDA:95,(anonymous_1)
FNDA:95,(anonymous_2)
FNDA:4,(anonymous_3)
FNDA:91,(anonymous_4)
DA:1,1
DA:12,4
DA:13,95
DA:16,4
DA:17,95
DA:25,0
DA:30,0
DA:32,95
DA:34,0
DA:38,4
DA:39,4
DA:40,4
DA:41,4
DA:42,0
DA:46,4
DA:47,91
DA:48,91
DA:49,91
DA:51,91
DA:52,1
DA:53,90
DA:54,2
DA:58,4
DA:71,1
LF:24
LH:20
BRDA:13,0,0,95
BRDA:13,0,1,2
BRDA:13,0,2,2
BRDA:17,1,0,0
BRDA:17,1,1,0
BRDA:17,1,2,0
BRDA:17,1,3,0
BRDA:17,1,4,0
BRDA:17,1,5,0
BRDA:17,1,6,0
BRDA:17,1,7,0
BRDA:17,1,8,0
BRDA:17,1,9,0
BRDA:17,1,10,0
BRDA:17,1,11,95
BRDA:17,1,12,0
BRDA:32,2,0,2
BRDA:32,2,1,93
BRDA:41,3,0,0
BRDA:51,4,0,1
BRDA:51,4,1,90
BRDA:51,5,0,91
BRDA:51,5,1,9
BRDA:51,5,2,9
BRDA:51,5,3,7
BRDA:53,6,0,2
BRF:26
BRH:13
end_of_record
TN:
SF:src/components/MonthInput.tsx
FN:6,MonthInput
FN:7,(anonymous_1)
FNF:2
FNH:2
FNDA:2,MonthInput
FNDA:89,(anonymous_1)
DA:7,2
DA:8,89
DA:9,89
DA:10,89
DA:11,1
DA:15,2
DA:28,1
LF:7
LH:7
BRDA:10,0,0,1
BRDA:10,1,0,89
BRDA:10,1,1,7
BRDA:10,1,2,7
BRDA:10,1,3,7
BRF:5
BRH:5
end_of_record
